make all --print-data-base --no-builtin-variables --no-builtin-rules --question
# GNU Make 4.3
# Built for x86_64-pc-linux-gnu
# Copyright (C) 1988-2020 Free Software Foundation, Inc.
# License GPLv3+: GNU GPL version 3 or later <http://gnu.org/licenses/gpl.html>
# This is free software: you are free to change and redistribute it.
# There is NO WARRANTY, to the extent permitted by law.

 
# Make data base, printed on Wed Jul 27 10:08:02 2022

# Variables

# environment
GDK_BACKEND = x11
# environment
LC_ALL = C
# environment
GTK_RC_FILES = /etc/gtk/gtkrc:/home/ryancey/.gtkrc:/home/ryancey/.config/gtkrc
# environment
LMOD_FULL_SETTARG_SUPPORT = no
# environment
KONSOLE_DBUS_SERVICE = :1.48
# environment
VSCODE_CWD = /home/ryancey/projects/game_of_life
# environment
WINDOWID = 65011719
# environment
MODULES_CMD = /usr/lib/x86_64-linux-gnu/modulecmd.tcl
# default
MAKE_COMMAND := make
# environment
QT_ACCESSIBILITY = 1
# automatic
@D = $(patsubst %/,%,$(dir $@))
# environment
KONSOLE_VERSION = 211203
# environment
VSCODE_HANDLES_UNCAUGHT_ERRORS = true
# default
.VARIABLES := 
# environment
PWD = /home/ryancey/projects/game_of_life
# automatic
%D = $(patsubst %/,%,$(dir $%))
# environment
XDG_DATA_DIRS = /usr/share/plasma:/usr/local/share:/usr/share:/var/lib/snapd/desktop
# makefile (from 'Makefile', line 65)
src1 = $(src:.cpp=.o)
# environment
OLDPWD = /home/ryancey/projects
# environment
KONSOLE_DBUS_WINDOW = /Windows/1
# automatic
^D = $(patsubst %/,%,$(dir $^))
# automatic
%F = $(notdir $%)
# environment
VSCODE_CODE_CACHE_PATH = /home/ryancey/.config/Code/CachedData/92d25e35d9bf1a6b16f7d0758f25d48ace11e5b9
# environment
XDG_SESSION_PATH = /org/freedesktop/DisplayManager/Session1
# environment
LANG = C
# environment
XAUTHORITY = /home/ryancey/.Xauthority
# default
.LOADED := 
# default
.INCLUDE_DIRS = /usr/local/include /usr/include /usr/include
# environment
COLORFGBG = 15;0
# makefile
MAKEFLAGS = pqrR
# makefile
CURDIR := /home/ryancey/projects/game_of_life
# environment
APPLICATION_INSIGHTS_NO_DIAGNOSTIC_CHANNEL = true
# automatic
*D = $(patsubst %/,%,$(dir $*))
# environment
PAM_KWALLET5_LOGIN = /run/user/926/kwallet5.socket
# environment
MFLAGS = -pqrR
# environment
SSH_AUTH_SOCK = /tmp/ssh-XXXXXXL4dau6/agent.1097
# default
.SHELLFLAGS := -c
# environment
XDG_CONFIG_DIRS = /home/ryancey/.config/kdedefaults:/etc/xdg/xdg-plasma:/etc/xdg:/usr/share/kubuntu-default-settings/kf5-settings
# automatic
+D = $(patsubst %/,%,$(dir $+))
# environment
XCURSOR_THEME = breeze_cursors
# environment
XDG_SESSION_DESKTOP = KDE
# makefile (from 'Makefile', line 1)
MAKEFILE_LIST := Makefile
# automatic
@F = $(notdir $@)
# environment
VSCODE_PID = 1993
# environment
LMOD_COLORIZE = yes
# environment
XDG_SESSION_TYPE = x11
# automatic
?D = $(patsubst %/,%,$(dir $?))
# environment
SESSION_MANAGER = local/lusk:@/tmp/.ICE-unix/1344,unix/lusk:/tmp/.ICE-unix/1344
# automatic
*F = $(notdir $*)
# environment
MANPATH = 
# environment
MODULEPATH = /apps/Modules_new_image/versions:/apps/Modules_new_image/3.2.10/modulefiles:/apps/Modules_new_image/modulefiles
# environment
CHROME_DESKTOP = code-url-handler.desktop
# environment
DBUS_SESSION_BUS_ADDRESS = unix:path=/run/user/926/bus
# automatic
<D = $(patsubst %/,%,$(dir $<))
# environment
VSCODE_NLS_CONFIG = {"locale":"en-us","availableLanguages":{},"_languagePackSupport":true}
# default
MAKE_HOST := x86_64-pc-linux-gnu
# makefile
SHELL = /bin/sh
# default
MAKECMDGOALS := all
# makefile (from 'Makefile', line 71)
objects := bin/main.o
# environment
SHLVL = 1
# environment
PROFILEHOME = 
# environment
MAKELEVEL := 0
# default
MAKE = $(MAKE_COMMAND)
# environment
PATH = /home/ryancey/.cargo/bin:/usr/local/sbin:/usr/local/bin:/usr/sbin:/usr/bin:/sbin:/bin:/usr/games:/usr/local/games:/snap/bin
# default
MAKEFILES := 
# environment
MODULESHOME = /usr/share/lmod/lmod
# environment
LANGUAGE = 
# automatic
^F = $(notdir $^)
# environment
LMOD_sys = Linux
# environment
LOADEDMODULES = 
# makefile (from 'Makefile', line 48)
NAME_OF_BIN = run
# automatic
?F = $(notdir $?)
# environment
KDE_APPLICATIONS_AS_SCOPE = 1
# environment
XDG_SEAT = seat0
# environment
XDG_CURRENT_DESKTOP = KDE
# makefile (from 'Makefile', line 64)
src = $(wildcard source/*.cpp)
# environment
LMOD_SETTARG_CMD = :
# automatic
+F = $(notdir $+)
# environment
XDG_SEAT_PATH = /org/freedesktop/DisplayManager/Seat0
# environment
DESKTOP_SESSION = plasma
# environment
ORIGINAL_XDG_CURRENT_DESKTOP = KDE
# 'override' directive
GNUMAKEFLAGS := 
# environment
LOGNAME = ryancey
# environment
BASH_ENV = /usr/share/lmod/lmod/init/bash
# environment
XDG_VTNR = 1
# makefile
.DEFAULT_GOAL := all
# environment
SYSTEMD_EXEC_PID = 1062
# environment
MODULEPATH_ROOT = /usr/modulefiles
# environment
DISPLAY = :0
# environment
USER = ryancey
# default
MAKE_VERSION := 4.3
# environment
KDE_SESSION_UID = 926
# environment
KONSOLE_DBUS_SESSION = /Sessions/1
# environment
SSH_AGENT_PID = 1232
# environment
LMOD_arch = x86_64
# environment
_ = /usr/bin/code
# environment
XDG_RUNTIME_DIR = /run/user/926
# makefile (from 'Makefile', line 59)
CFLAGS = -c -I./header
# environment
GPG_AGENT_INFO = /run/user/926/gnupg/S.gpg-agent:0:1
# environment
COLORTERM = truecolor
# environment
XDG_SESSION_CLASS = user
# makefile (from 'Makefile', line 45)
LIBRARIES = 
# environment
VSCODE_AMD_ENTRYPOINT = vs/workbench/api/node/extensionHostProcess
# environment
GTK2_RC_FILES = /etc/gtk-2.0/gtkrc:/home/ryancey/.gtkrc-2.0:/home/ryancey/.config/gtkrc-2.0
# environment
HOME = /home/ryancey
# environment
ELECTRON_RUN_AS_NODE = 1
# environment
VSCODE_IPC_HOOK = /run/user/926/vscode-6d13aa78-1.69.0-main.sock
# environment
TERM = xterm-256color
# environment
XDG_SESSION_ID = 3
# environment
XCURSOR_SIZE = 24
# environment
LMOD_PREPEND_BLOCK = normal
# default
.RECIPEPREFIX := 
# automatic
<F = $(notdir $<)
# default
SUFFIXES := 
# environment
QT_AUTO_SCREEN_SCALE_FACTOR = 0
# environment
VSCODE_CLI = 1
# environment
ELECTRON_NO_ATTACH_CONSOLE = 1
# environment
SHELL_SESSION_ID = 02c987bf73e24602bb352547d0298d6f
# environment
KDE_SESSION_VERSION = 5
# default
.FEATURES := target-specific order-only second-expansion else-if shortest-stem undefine oneshell nocomment grouped-target extra-prereqs archives jobserver output-sync check-symlink load
# makefile (from 'Makefile', line 58)
CC = mpiCC
# environment
KDE_FULL_SESSION = true
# variable set hash-table stats:
# Load=122/1024=12%, Rehash=0, Collisions=6/160=4%

# Pattern-specific Variable Values

# No pattern-specific variable values.

# Directories

# . (device 60, inode 211988016): 10 files, no impossibilities.
# source (device 60, inode 211988204): 3 files, no impossibilities.

# 13 files, no impossibilities in 2 directories.

# Implicit Rules

bin/%.o: source/%.cpp
#  recipe to execute (from 'Makefile', line 93):
	$(CC) $(CFLAGS) $?
	mv *.o bin

# 1 implicit rules, 0 (0.0%) terminal.
# Files

bin/main.o: source/main.cpp
#  Implicit rule search has been done.
#  Implicit/static pattern stem: 'main'
#  Last modified 2022-07-27 09:25:54.465188813
#  File has been updated.
#  Needs to be updated (-q is set).
# automatic
# @ := bin/main.o
# automatic
# * := main
# automatic
# < := source/main.cpp
# automatic
# + := source/main.cpp
# automatic
# % := 
# automatic
# ^ := source/main.cpp
# automatic
# ? := source/main.cpp
 
# automatic
# | := 
# variable set hash-table stats:
# Load=8/32=25%, Rehash=0, Collisions=3/14=21%
#  recipe to execute (from 'Makefile', line 93):
	$(CC) $(CFLAGS) $?
	mv *.o bin

# Not a target:
Makefile:
#  Implicit rule search has been done.
#  Last modified 2022-07-26 09:54:54.585426
#  File has been updated.
#  Successfully updated.

clean:
#  Phony target (prerequisite of .PHONY).
#  Implicit rule search has not been done.
#  File does not exist.
#  File has not been updated.
#  recipe to execute (from 'Makefile', line 99):
	rm -rf all $(objects)

# Not a target:
.DEFAULT:
#  Implicit rule search has not been done.
#  Modification time never checked.
#  File has not been updated.

all: bin/main.o
#  Command line target.
#  Implicit rule search has not been done.
#  File does not exist.
#  File has been updated.
#  Needs to be updated (-q is set).
# variable set hash-table stats:
# Load=0/32=0%, Rehash=0, Collisions=0/5=0%
#  recipe to execute (from 'Makefile', line 81):
	$(CC) -o $(NAME_OF_BIN) $(objects) $(LIBRARIES)

.PHONY: clean
#  Implicit rule search has not been done.
#  Modification time never checked.
#  File has not been updated.

# Not a target:
source/main.cpp:
#  Implicit rule search has been done.
#  Last modified 2022-07-27 10:01:15.774378
#  File has been updated.
#  Successfully updated.

# files hash-table stats:
# Load=8/1024=1%, Rehash=0, Collisions=0/25=0%
# VPATH Search Paths

# No 'vpath' search paths.

# No general ('VPATH' variable) search path.

# strcache buffers: 1 (0) / strings = 23 / storage = 187 B / avg = 8 B
# current buf: size = 8162 B / used = 187 B / count = 23 / avg = 8 B

# strcache performance: lookups = 36 / hit rate = 36%
# hash-table stats:
# Load=23/8192=0%, Rehash=0, Collisions=0/36=0%
# Finished Make data base on Wed Jul 27 10:08:02 2022

 
